*** Starting uWSGI 1.9.14 (64bit) on [Thu Aug  8 02:30:58 2013] ***
compiled with version: 4.2.1 Compatible Apple LLVM 4.2 (clang-425.0.28) on 08 August 2013 02:30:31
os: Darwin-12.4.0 Darwin Kernel Version 12.4.0: Wed May  1 17:57:12 PDT 2013; root:xnu-2050.24.15~1/RELEASE_X86_64
nodename: localhost
machine: x86_64
clock source: unix
pcre jit disabled
detected number of CPU cores: 4
current working directory: /Users/Jade/Documents/work/jAvalon
writing pidfile to /Users/Jade/Documents/work/jAvalon/env/var/run/uwsgi.pid
detected binary path: /Users/Jade/Documents/work/jAvalon/.py/bin/uwsgi
your processes number limit is 709
your memory page size is 4096 bytes
detected max file descriptor number: 256
lock engine: OSX spinlocks
*** starting uWSGI Emperor ***
Python version: 2.7.5 (default, Jul 28 2013, 22:46:35)  [GCC 4.2.1 Compatible Apple LLVM 4.2 (clang-425.0.28)]
Set PythonHome to /Users/Jade/Documents/work/jAvalon/.py
*** has_emperor mode detected (fd: 9) ***
[uWSGI] getting JSON configuration from blog.json
1.9.14
[emperor] removed uwsgi instance blog.json
*** Python threads support is disabled. You can enable it with --enable-threads ***
Python main interpreter initialized at 0x7f811b409810
your mercy for graceful operations on workers is 60 seconds
*** Operational MODE: no-workers ***
spawned uWSGI master process (pid: 53847)
*** has_emperor mode detected (fd: 9) ***
[uWSGI] getting JSON configuration from blog.json
1.9.14
[emperor] removed uwsgi instance blog.json
*** has_emperor mode detected (fd: 9) ***
[uWSGI] getting JSON configuration from blog.json
1.9.14
[emperor] removed uwsgi instance blog.json
[emperor] unloyal bad behaving vassal found: blog.json throttling it...
*** has_emperor mode detected (fd: 9) ***
[uWSGI] getting JSON configuration from blog.json
1.9.14
[emperor] removed uwsgi instance blog.json
*** has_emperor mode detected (fd: 9) ***
[uWSGI] getting JSON configuration from blog.json
1.9.14
[emperor] removed uwsgi instance blog.json
*** has_emperor mode detected (fd: 9) ***
[uWSGI] getting JSON configuration from blog.json
1.9.14
[emperor] removed uwsgi instance blog.json
*** has_emperor mode detected (fd: 9) ***
[uWSGI] getting JSON configuration from blog.json
1.9.14
[emperor] removed uwsgi instance blog.json
*** has_emperor mode detected (fd: 9) ***
[uWSGI] getting JSON configuration from blog.json
1.9.14
[emperor] removed uwsgi instance blog.json
*** has_emperor mode detected (fd: 9) ***
[uWSGI] getting JSON configuration from blog.json
1.9.14
[emperor] removed uwsgi instance blog.json
*** has_emperor mode detected (fd: 9) ***
[uWSGI] getting JSON configuration from blog.json
1.9.14
[emperor] removed uwsgi instance blog.json
*** has_emperor mode detected (fd: 9) ***
[uWSGI] getting JSON configuration from blog.json
1.9.14
[emperor] removed uwsgi instance blog.json
*** has_emperor mode detected (fd: 9) ***
[uWSGI] getting JSON configuration from blog.json
1.9.14
[emperor] removed uwsgi instance blog.json
*** has_emperor mode detected (fd: 9) ***
[uWSGI] getting JSON configuration from blog.json
1.9.14
[emperor] removed uwsgi instance blog.json
*** has_emperor mode detected (fd: 9) ***
[uWSGI] getting JSON configuration from blog.json
1.9.14
[emperor] removed uwsgi instance blog.json
*** has_emperor mode detected (fd: 9) ***
[uWSGI] getting JSON configuration from blog.json
1.9.14
[emperor] removed uwsgi instance blog.json
*** has_emperor mode detected (fd: 9) ***
[uWSGI] getting JSON configuration from blog.json
1.9.14
[emperor] removed uwsgi instance blog.json
*** has_emperor mode detected (fd: 9) ***
[uWSGI] getting JSON configuration from blog.json
1.9.14
[emperor] removed uwsgi instance blog.json
*** has_emperor mode detected (fd: 9) ***
[uWSGI] getting JSON configuration from blog.json
1.9.14
[emperor] removed uwsgi instance blog.json
*** has_emperor mode detected (fd: 9) ***
[uWSGI] getting JSON configuration from blog.json
1.9.14
[emperor] removed uwsgi instance blog.json
*** has_emperor mode detected (fd: 9) ***
[uWSGI] getting JSON configuration from blog.json
1.9.14
[emperor] removed uwsgi instance blog.json
*** has_emperor mode detected (fd: 9) ***
[uWSGI] getting JSON configuration from blog.json
1.9.14
[emperor] removed uwsgi instance blog.json
*** has_emperor mode detected (fd: 9) ***
[uWSGI] getting JSON configuration from blog.json
1.9.14
[emperor] removed uwsgi instance blog.json
*** has_emperor mode detected (fd: 9) ***
[uWSGI] getting JSON configuration from blog.json
1.9.14
[emperor] removed uwsgi instance blog.json
*** has_emperor mode detected (fd: 9) ***
[uWSGI] getting JSON configuration from blog.json
1.9.14
[emperor] removed uwsgi instance blog.json
*** has_emperor mode detected (fd: 9) ***
[uWSGI] getting JSON configuration from blog.json
1.9.14
[emperor] removed uwsgi instance blog.json
*** has_emperor mode detected (fd: 9) ***
[uWSGI] getting JSON configuration from blog.json
1.9.14
[emperor] removed uwsgi instance blog.json
*** has_emperor mode detected (fd: 9) ***
[uWSGI] getting JSON configuration from blog.json
1.9.14
[emperor] removed uwsgi instance blog.json
*** has_emperor mode detected (fd: 9) ***
[uWSGI] getting JSON configuration from blog.json
1.9.14
[emperor] removed uwsgi instance blog.json
*** has_emperor mode detected (fd: 9) ***
[uWSGI] getting JSON configuration from blog.json
1.9.14
[emperor] removed uwsgi instance blog.json
*** has_emperor mode detected (fd: 9) ***
[uWSGI] getting JSON configuration from blog.json
1.9.14
[emperor] removed uwsgi instance blog.json
*** has_emperor mode detected (fd: 9) ***
[uWSGI] getting JSON configuration from blog.json
1.9.14
[emperor] removed uwsgi instance blog.json
*** has_emperor mode detected (fd: 9) ***
[uWSGI] getting JSON configuration from blog.json
1.9.14
[emperor] removed uwsgi instance blog.json
*** has_emperor mode detected (fd: 9) ***
[uWSGI] getting JSON configuration from blog.json
1.9.14
[emperor] removed uwsgi instance blog.json
SIGINT/SIGQUIT received...killing workers...
The Emperor has been buried (pid: 53849)
goodbye to uWSGI.
*** Starting uWSGI 1.9.14 (64bit) on [Thu Aug  8 02:40:03 2013] ***
compiled with version: 4.2.1 Compatible Apple LLVM 4.2 (clang-425.0.28) on 08 August 2013 02:30:31
os: Darwin-12.4.0 Darwin Kernel Version 12.4.0: Wed May  1 17:57:12 PDT 2013; root:xnu-2050.24.15~1/RELEASE_X86_64
nodename: localhost
machine: x86_64
clock source: unix
pcre jit disabled
detected number of CPU cores: 4
current working directory: /Users/Jade/Documents/work/jAvalon
writing pidfile to /Users/Jade/Documents/work/jAvalon/env/var/run/uwsgi.pid
detected binary path: /Users/Jade/Documents/work/jAvalon/.py/bin/uwsgi
your processes number limit is 709
your memory page size is 4096 bytes
detected max file descriptor number: 256
lock engine: OSX spinlocks
*** starting uWSGI Emperor ***
Python version: 2.7.5 (default, Jul 28 2013, 22:46:35)  [GCC 4.2.1 Compatible Apple LLVM 4.2 (clang-425.0.28)]
Set PythonHome to /Users/Jade/Documents/work/jAvalon/.py
*** has_emperor mode detected (fd: 9) ***
[uWSGI] getting JSON configuration from blog.json
*** Starting uWSGI 1.9.14 (64bit) on [Thu Aug  8 02:40:03 2013] ***
compiled with version: 4.2.1 Compatible Apple LLVM 4.2 (clang-425.0.28) on 08 August 2013 02:30:31
os: Darwin-12.4.0 Darwin Kernel Version 12.4.0: Wed May  1 17:57:12 PDT 2013; root:xnu-2050.24.15~1/RELEASE_X86_64
nodename: localhost
machine: x86_64
clock source: unix
pcre jit disabled
detected number of CPU cores: 4
current working directory: /Users/Jade/Documents/work/jAvalon/env/etc/uwsgi/vassals
detected binary path: /Users/Jade/Documents/work/jAvalon/.py/bin/uwsgi
your processes number limit is 709
your memory page size is 4096 bytes
detected max file descriptor number: 256
lock engine: OSX spinlocks
uwsgi socket 0 bound to TCP address 0.0.0.0:23901 fd 3
Python version: 2.7.5 (default, Jul 28 2013, 22:46:35)  [GCC 4.2.1 Compatible Apple LLVM 4.2 (clang-425.0.28)]
Set PythonHome to /Users/Jade/Documents/work/jAvalon/.py
*** Python threads support is disabled. You can enable it with --enable-threads ***
Python main interpreter initialized at 0x7f802b409750
your mercy for graceful operations on workers is 60 seconds
*** Operational MODE: no-workers ***
spawned uWSGI master process (pid: 56124)
Python main interpreter initialized at 0x7fd430c0a7a0
python threads support enabled
your server socket listen backlog is limited to 100 connections
your mercy for graceful operations on workers is 60 seconds
mapped 328872 bytes (321 KB) for 2 cores
*** Operational MODE: preforking ***
WSGI app 0 (mountpoint='') ready in 1 seconds on interpreter 0x7fd430c0a7a0 pid: 56130 (default app)
*** uWSGI is running in multiple interpreter mode ***
spawned uWSGI master process (pid: 56130)
spawned uWSGI worker 1 (pid: 56132, cores: 1)
spawned uWSGI worker 2 (pid: 56133, cores: 1)
